 Tue, 10 Mar 2020 22:19:43  INFO test_search.py setUpClass [ line:56 ] ==================== 准备开始执行查询接口测试 ====================
 Tue, 10 Mar 2020 22:19:44  INFO http_request.py request [ line:56 ] 正在发送请求，请求地址：http://144.34.200.237:8080/admin/login， 请求参数：{'username': 'ceshijiagoushi', 'password': '123456'}
 Tue, 10 Mar 2020 22:19:46  ERROR test_search.py test_search [ line:88 ] {'tim[20 chars]T14:13:18.194+0000', 'status': 400, 'error': '[336 chars]gin'} != {'tim[20 chars]T14:19:45.478+0000', 'status': 400, 'error': '[336 chars]gin'}
  {'error': 'Bad Request',
   'message': "JSON parse error: Unrecognized token 'username': was expecting "
              "('true', 'false' or 'null'); nested exception is "
              'com.fasterxml.jackson.core.JsonParseException: Unrecognized token '
              "'username': was expecting ('true', 'false' or 'null')\n"
              ' at [Source: (PushbackInputStream); line: 1, column: 10]',
   'path': '/admin/login',
   'status': 400,
-  'timestamp': '2020-03-10T14:13:18.194+0000'}
?                               ^ ^ ----

+  'timestamp': '2020-03-10T14:19:45.478+0000'}
?                               ^ ^^^^^
Traceback (most recent call last):
  File "/Users/huangjie/学习/untitled7/test_cases/test_search.py", line 84, in test_search
    self.assertEqual(eval(case.expected_data), res)
  File "/Library/Frameworks/Python.framework/Versions/3.7/lib/python3.7/unittest/case.py", line 852, in assertEqual
    assertion_func(first, second, msg=msg)
  File "/Library/Frameworks/Python.framework/Versions/3.7/lib/python3.7/unittest/case.py", line 1151, in assertDictEqual
    self.fail(self._formatMessage(msg, standardMsg))
  File "/Library/Frameworks/Python.framework/Versions/3.7/lib/python3.7/unittest/case.py", line 693, in fail
    raise self.failureException(msg)
AssertionError: {'tim[20 chars]T14:13:18.194+0000', 'status': 400, 'error': '[336 chars]gin'} != {'tim[20 chars]T14:19:45.478+0000', 'status': 400, 'error': '[336 chars]gin'}
  {'error': 'Bad Request',
   'message': "JSON parse error: Unrecognized token 'username': was expecting "
              "('true', 'false' or 'null'); nested exception is "
              'com.fasterxml.jackson.core.JsonParseException: Unrecognized token '
              "'username': was expecting ('true', 'false' or 'null')\n"
              ' at [Source: (PushbackInputStream); line: 1, column: 10]',
   'path': '/admin/login',
   'status': 400,
-  'timestamp': '2020-03-10T14:13:18.194+0000'}
?                               ^ ^ ----

+  'timestamp': '2020-03-10T14:19:45.478+0000'}
?                               ^ ^^^^^

 Tue, 10 Mar 2020 22:19:46  INFO test_search.py tearDownClass [ line:62 ] ==================== 查询接口测试执行完毕====================
